This is LuaHBTeX, Version 1.13.0 (MiKTeX 21.1) (format=lualatex 2021.10.15)  17 JAN 2022 12:52
 restricted system commands enabled.
**Beleg.tex
(./Beleg.tex
LaTeX2e <2020-10-01> patch level 4
Lua module: luaotfload 2021-01-08 3.17 Lua based OpenType font support
Lua module: lualibs 2020-12-30 2.73 ConTeXt Lua standard libraries.
Lua module: lualibs-extended 2020-12-30 2.73 ConTeXt Lua libraries -- extended c
ollection.
luaotfload | conf : Root cache directory is "C:/Users/Terrabyte/AppData/Local/Mi
KTeX/luatex-cache/generic/names".
luaotfload | init : Loading fontloader "fontloader-2021-01-07.lua" from kpse-res
olved path "C:/Users/Terrabyte/AppData/Local/Programs/MiKTeX/tex/luatex/luaotflo
ad/fontloader-2021-01-07.lua".
Lua-only attribute luaotfload@noligature = 1
Lua-only attribute luaotfload@syllabe = 2
luaotfload | init : Context OpenType loader version 0x1.8e76c8b439581p+1
Inserting `luaotfload.node_processor' at position 1 in `pre_linebreak_filter'.
Inserting `luaotfload.node_processor' at position 1 in `hpack_filter'.
Inserting `luaotfload.glyph_stream' at position 1 in `glyph_stream_provider'.
Inserting `luaotfload.define_font' at position 1 in `define_font'.
Lua-only attribute luaotfload_color_attribute = 3
luaotfload | conf : Root cache directory is "C:/Users/Terrabyte/AppData/Local/Mi
KTeX/luatex-cache/generic/names".
Inserting `luaotfload.harf.strip_prefix' at position 1 in `find_opentype_file'.
Inserting `luaotfload.harf.strip_prefix' at position 1 in `find_truetype_file'.
Inserting `luaotfload.harf.finalize_vlist' at position 1 in `post_linebreak_filt
er'.
Inserting `luaotfload.harf.finalize_hlist' at position 2 in `hpack_filter'.
Inserting `luaotfload.cleanup_files' at position 1 in `wrapup_run'.
Inserting `luaotfload.harf.finalize_unicode' at position 1 in `finish_pdffile'.
Inserting `luaotfload.glyphinfo' at position 1 in `glyph_info'.
Inserting `luaotfload.aux.set_sscale_dimens' at position 1 in `luaotfload.patch_
font'.
Inserting `luaotfload.aux.set_font_index' at position 2 in `luaotfload.patch_fon
t'.
Inserting `luaotfload.aux.patch_cambria_domh' at position 3 in `luaotfload.patch
_font'.
Inserting `luaotfload.aux.fixup_fontdata' at position 1 in `luaotfload.patch_fon
t_unsafe'.
Inserting `luaotfload.aux.set_capheight' at position 4 in `luaotfload.patch_font
'.
Inserting `luaotfload.aux.set_xheight' at position 5 in `luaotfload.patch_font'.
Inserting `luaotfload.rewrite_fontname' at position 6 in `luaotfload.patch_font'
. L3 programming layer <2021-01-09> xparse <2020-03-03>
(C:/Users/Terrabyte/AppData/Local/Programs/MiKTeX/tex/latex/koma-script/scrbook
.cls
Document Class: scrbook 2021/03/17 v3.33 KOMA-Script document class (book)

(C:/Users/Terrabyte/AppData/Local/Programs/MiKTeX/tex/latex/koma-script/scrkbas
e.sty
Package: scrkbase 2021/03/17 v3.33 KOMA-Script package (KOMA-Script-dependent b
asics and keyval usage)

(C:/Users/Terrabyte/AppData/Local/Programs/MiKTeX/tex/latex/koma-script/scrbase
.sty
Package: scrbase 2021/03/17 v3.33 KOMA-Script package (KOMA-Script-independent 
basics and keyval usage)

(C:/Users/Terrabyte/AppData/Local/Programs/MiKTeX/tex/latex/koma-script/scrlfil
e.sty
Package: scrlfile 2021/03/17 v3.33 KOMA-Script package (file load hooks)

(C:/Users/Terrabyte/AppData/Local/Programs/MiKTeX/tex/latex/koma-script/scrlfil
e-hook.sty
Package: scrlfile-hook 2021/03/17 v3.33 KOMA-Script package (using LaTeX hooks)


LaTeX3 Info: Defining command \BeforeFile with sig. 'm' on line 61.


LaTeX3 Info: Defining command \AfterFile with sig. 'm' on line 65.


LaTeX3 Info: Defining command \BeforeClass with sig. 'm' on line 69.


LaTeX3 Info: Defining command \BeforePackage with sig. 'm' on line 73.


LaTeX3 Info: Defining command \AfterAtEndOfClass with sig. 'smo+m' on line 83.


LaTeX3 Info: Defining command \AfterAtEndOfPackage with sig. 'smo+m' on line
(LaTeX3)     93.


LaTeX3 Info: Defining command \scrlfile@AfterClass with sig. 'smo+m' on line
(LaTeX3)     173.


LaTeX3 Info: Defining command \AfterClass with sig. '' on line 174.


LaTeX3 Info: Defining command \scrlfile@AfterPackage with sig. 'smo+m' on line
(LaTeX3)     191.


LaTeX3 Info: Defining command \AfterPackage with sig. '' on line 192.


LaTeX3 Info: Defining command \ReplaceInput with sig. '' on line 193.


LaTeX3 Info: Defining command \ReplaceClass with sig. 'mm' on line 196.


LaTeX3 Info: Defining command \ReplacePackage with sig. 'mm' on line 199.


LaTeX3 Info: Defining command \UnReplaceInput with sig. '' on line 200.


LaTeX3 Info: Defining command \UnReplaceClass with sig. 'm' on line 203.


LaTeX3 Info: Defining command \UnReplacePackage with sig. 'mm' on line 206.


LaTeX3 Info: Defining command \PreventPackageFromLoading with sig. 's+om' on
(LaTeX3)     line 234.


LaTeX3 Info: Defining command \StorePreventPackageFromLoading with sig. 'm' on
(LaTeX3)     line 242.


LaTeX3 Info: Defining command \ResetPreventPackageFromLoading with sig. '' on
(LaTeX3)     line 247.


LaTeX3 Info: Defining command \UnPreventPackageFromLoading with sig. 'sm' on
(LaTeX3)     line 261.


LaTeX3 Info: Defining command \BeforeClosingMainAux with sig. 'om' on line
(LaTeX3)     274.


LaTeX3 Info: Defining command \AfterReadingMainAux with sig. 'om' on line 287.


LaTeX3 Info: Defining command \protected@immediate@write with sig. 'm+m+m' on
(LaTeX3)     line 298.


(C:/Users/Terrabyte/AppData/Local/Programs/MiKTeX/tex/latex/koma-script/scrlogo
.sty
Package: scrlogo 2021/03/17 v3.33 KOMA-Script package (logo)
)))
(C:/Users/Terrabyte/AppData/Local/Programs/MiKTeX/tex/latex/graphics/keyval.sty
Package: keyval 2014/10/28 v1.15 key=value parser (DPC)
\KV@toks@=\toks15
)
Skipping: [2021/05/01] Usage of raw option list on input line 252.
Applying: [0000/00/00] compatibility for LaTeX before 2021/05/01 on input line 
337.
))
(C:/Users/Terrabyte/AppData/Local/Programs/MiKTeX/tex/latex/koma-script/tocbasi
c.sty
Package: tocbasic 2021/03/17 v3.33 KOMA-Script package (handling toc-files)
\scr@dte@tocline@numberwidth=\skip47
\scr@dte@tocline@numbox=\box47
)
Package tocbasic Info: babel extension for `toc' omitted
(tocbasic)             because of missing \bbl@set@language on input line 137.
Class scrbook Info: File `scrsize11pt.clo' used instead of
(scrbook)           file `scrsize11.clo' to setup font sizes on input line 2454
.

(C:/Users/Terrabyte/AppData/Local/Programs/MiKTeX/tex/latex/koma-script/scrsize
11pt.clo
File: scrsize11pt.clo 2021/03/17 v3.33 KOMA-Script font size class option (11pt
)
luaotfload | db : Font names database loaded from C:/Users/Terrabyte/AppData/Loc
al/MiKTeX/luatex-cache/generic/names/luaotfload-names.luc)
(C:/Users/Terrabyte/AppData/Local/Programs/MiKTeX/tex/latex/koma-script/typeare
a.sty
Package: typearea 2021/03/17 v3.33 KOMA-Script package (type area)
\ta@bcor=\skip48
\ta@div=\count173
Package typearea Info: You've used standard option `a4paper'.
(typearea)             This is correct!
(typearea)             Internally I'm using `paper=a4'.
(typearea)             If you'd like to set the option with \KOMAoptions,
(typearea)             you'd have to use `paper=a4' there
(typearea)             instead of `a4paper', too.
\ta@hblk=\skip49
\ta@vblk=\skip50
\ta@temp=\skip51
\footheight=\skip52
Package typearea Info: These are the values describing the layout:
(typearea)             DIV  = 10
(typearea)             BCOR = 0.0pt
(typearea)             \paperwidth      = 597.50793pt
(typearea)              \textwidth      = 418.25555pt
(typearea)              DIV departure   = -6%
(typearea)              \evensidemargin = 47.2316pt
(typearea)              \oddsidemargin  = -12.5192pt
(typearea)             \paperheight     = 845.04694pt
(typearea)              \textheight     = 595.80026pt
(typearea)              \topmargin      = -25.16531pt
(typearea)              \headheight     = 17.0pt
(typearea)              \headsep        = 20.40001pt
(typearea)              \topskip        = 11.0pt
(typearea)              \footskip       = 47.6pt
(typearea)              \baselineskip   = 13.6pt
(typearea)              on input line 1741.
)
\c@part=\count174
\c@chapter=\count175
\c@section=\count176
\c@subsection=\count177
\c@subsubsection=\count178
\c@paragraph=\count179
\c@subparagraph=\count180
\scr@dte@chapter@maxnumwidth=\skip53
Class scrbook Info: using compatibility default `afterindent=bysign'
(scrbook)           for `\chapter on input line 5676.
\scr@dte@section@maxnumwidth=\skip54
Class scrbook Info: using compatibility default `runin=bysign'
(scrbook)           for `\section on input line 5687.
Class scrbook Info: using compatibility default `afterindent=bysign'
(scrbook)           for `\section on input line 5687.
\scr@dte@part@maxnumwidth=\skip55
Class scrbook Info: using compatibility default `afterindent=true'
(scrbook)           for `\part on input line 5696.
\scr@dte@subsection@maxnumwidth=\skip56
Class scrbook Info: using compatibility default `runin=bysign'
(scrbook)           for `\subsection on input line 5706.
Class scrbook Info: using compatibility default `afterindent=bysign'
(scrbook)           for `\subsection on input line 5706.
\scr@dte@subsubsection@maxnumwidth=\skip57
Class scrbook Info: using compatibility default `runin=bysign'
(scrbook)           for `\subsubsection on input line 5716.
Class scrbook Info: using compatibility default `afterindent=bysign'
(scrbook)           for `\subsubsection on input line 5716.
\scr@dte@paragraph@maxnumwidth=\skip58
Class scrbook Info: using compatibility default `runin=bysign'
(scrbook)           for `\paragraph on input line 5727.
Class scrbook Info: using compatibility default `afterindent=bysign'
(scrbook)           for `\paragraph on input line 5727.
\scr@dte@subparagraph@maxnumwidth=\skip59
Class scrbook Info: using compatibility default `runin=bysign'
(scrbook)           for `\subparagraph on input line 5737.
Class scrbook Info: using compatibility default `afterindent=bysign'
(scrbook)           for `\subparagraph on input line 5737.
\abovecaptionskip=\skip60
\belowcaptionskip=\skip61
\c@pti@nb@sid@b@x=\box48
Package tocbasic Info: babel extension for `lof' omitted
(tocbasic)             because of missing \bbl@set@language on input line 6980.

\scr@dte@figure@maxnumwidth=\skip62
\c@figure=\count181
Package tocbasic Info: babel extension for `lot' omitted
(tocbasic)             because of missing \bbl@set@language on input line 7001.

\scr@dte@table@maxnumwidth=\skip63
\c@table=\count182
Class scrbook Info: Redefining `\numberline' on input line 7174.
\bibindent=\dimen138
)
\@input{Praeambel.aux}

\openout2 = Praeambel.aux
(./Praeambel.tex
(C:/Users/Terrabyte/AppData/Local/Programs/MiKTeX/tex/generic/babel/babel.sty
Package: babel 2020/12/16 3.52 The Babel package

(C:/Users/Terrabyte/AppData/Local/Programs/MiKTeX/tex/generic/babel/babel.def
File: babel.def 2020/12/16 3.52 Babel common definitions

(C:/Users/Terrabyte/AppData/Local/Programs/MiKTeX/tex/generic/babel/luababel.de
f
\bbl@readstream=\read2
\l@afrikaans=\language2
Package babel Info: Non-standard hyphenation setup on input line 117.
\l@ancientgreek=\language3
\l@armenian=\language4
\l@assamese=\language5
\l@basque=\language6
\l@belarusian=\language7
\l@bengali=\language8
\l@bokmal=\language9
\l@bulgarian=\language10
\l@catalan=\language11
\l@churchslavonic=\language12
\l@classiclatin=\language13
\l@coptic=\language14
\l@croatian=\language15
\l@czech=\language16
\l@danish=\language17
\l@dutch=\language18
\l@esperanto=\language19
\l@estonian=\language20
\l@ethiopic=\language21
\l@finnish=\language22
\l@french=\language23
\l@friulan=\language24
\l@galician=\language25
\l@georgian=\language26
\l@german=\language27
\l@greek=\language28
\l@gujarati=\language29
\l@hindi=\language30
\l@hungarian=\language31
\l@icelandic=\language32
\l@indonesian=\language33
\l@interlingua=\language34
\l@irish=\language35
\l@italian=\language36
\l@kannada=\language37
\l@kurmanji=\language38
\l@latin=\language39
\l@latvian=\language40
\l@lithuanian=\language41
\l@liturgicallatin=\language42
\l@macedonian=\language43
\l@malayalam=\language44
\l@marathi=\language45
\l@mongolian=\language46
\l@mongolianlmc=\language47
\l@monogreek=\language48
\l@ngerman=\language49
\l@nynorsk=\language50
\l@occitan=\language51
\l@oriya=\language52
\l@pali=\language53
\l@panjabi=\language54
\l@piedmontese=\language55
\l@polish=\language56
\l@portuguese=\language57
\l@romanian=\language58
\l@romansh=\language59
\l@russian=\language60
\l@sanskrit=\language61
\l@serbian=\language62
\l@serbianc=\language63
\l@slovak=\language64
\l@slovenian=\language65
\l@spanish=\language66
\l@swedish=\language67
\l@swissgerman=\language68
\l@tamil=\language69
\l@telugu=\language70
\l@thai=\language71
\l@turkish=\language72
\l@turkmen=\language73
\l@ukenglish=\language74
\l@ukrainian=\language75
\l@uppersorbian=\language76
\l@usenglishmax=\language77
\l@welsh=\language78
\babelcatcodetablenum=\catcodetable12
\bbl@pattcodes=\catcodetable13
)
\babel@savecnt=\count183
\U@D=\dimen139
\l@babelnohyphens=\language79

(C:/Users/Terrabyte/AppData/Local/Programs/MiKTeX/tex/generic/babel/luababel.de
f
\bbl@attr@locale=\attribute4
))
*************************************
* Local config file bblopts.cfg used
*
(C:/Users/Terrabyte/AppData/Local/Programs/MiKTeX/tex/latex/arabi/bblopts.cfg
File: bblopts.cfg 2005/09/08 v0.1 add Arabic and Farsi to "declared" options of
 babel
)
(C:/Users/Terrabyte/AppData/Local/Programs/MiKTeX/tex/latex/babel-german/ngerma
n.ldf
Language: ngerman 2020/07/21 v2.12 German support for babel (post-1996 orthogra
phy)

(C:/Users/Terrabyte/AppData/Local/Programs/MiKTeX/tex/latex/babel-german/ngerma
nb.ldf
Language: ngermanb 2020/07/21 v2.12 German support for babel (post-1996 orthogr
aphy)
Package babel Info: Making " an active character on input line 121.

(C:/Users/Terrabyte/AppData/Local/Programs/MiKTeX/tex/generic/hyph-utf8/loadhyp
h/loadhyph-de-1996.tex
UTF-8 German hyphenation patterns (reformed orthography)
(C:/Users/Terrabyte/AppData/Local/Programs/MiKTeX/tex/generic/hyph-utf8/pattern
s/tex/hyph-de-1996.tex
German Hyphenation Patterns (Reformed Orthography, 2006) `dehyphn-x' 2019-04-04
 (WL))))))
(C:/Users/Terrabyte/AppData/Local/Programs/MiKTeX/tex/latex/base/inputenc.sty
Package: inputenc 2020/08/01 v1.3d Input encoding file
\inpenc@prehook=\toks16
\inpenc@posthook=\toks17


Package inputenc Warning: inputenc package ignored with utf8 based engines.

) (C:/Users/Terrabyte/AppData/Local/Programs/MiKTeX/tex/latex/base/fontenc.sty
Package: fontenc 2020/08/10 v2.0s Standard LaTeX package
LaTeX Font Info:    Trying to load font information for T1+lmr on input line 11
2.

(C:/Users/Terrabyte/AppData/Local/Programs/MiKTeX/tex/latex/lm/t1lmr.fd
File: t1lmr.fd 2009/10/30 v1.6 Font defs for Latin Modern
))
(C:/Users/Terrabyte/AppData/Local/Programs/MiKTeX/tex/latex/base/textcomp.sty
Package: textcomp 2020/02/02 v2.0n Standard LaTeX package
)
(C:/Users/Terrabyte/AppData/Local/Programs/MiKTeX/tex/latex/psnfss/courier.sty
Package: courier 2020/03/25 PSNFSS-v9.3 (WaS) 
) (C:/Users/Terrabyte/AppData/Local/Programs/MiKTeX/tex/latex/lm/lmodern.sty
Package: lmodern 2009/10/30 v1.6 Latin Modern Fonts
LaTeX Font Info:    Overwriting symbol font `operators' in version `normal'
(Font)                  OT1/cmr/m/n --> OT1/lmr/m/n on input line 22.
LaTeX Font Info:    Overwriting symbol font `letters' in version `normal'
(Font)                  OML/cmm/m/it --> OML/lmm/m/it on input line 23.
LaTeX Font Info:    Overwriting symbol font `symbols' in version `normal'
(Font)                  OMS/cmsy/m/n --> OMS/lmsy/m/n on input line 24.
LaTeX Font Info:    Overwriting symbol font `largesymbols' in version `normal'
(Font)                  OMX/cmex/m/n --> OMX/lmex/m/n on input line 25.
LaTeX Font Info:    Overwriting symbol font `operators' in version `bold'
(Font)                  OT1/cmr/bx/n --> OT1/lmr/bx/n on input line 26.
LaTeX Font Info:    Overwriting symbol font `letters' in version `bold'
(Font)                  OML/cmm/b/it --> OML/lmm/b/it on input line 27.
LaTeX Font Info:    Overwriting symbol font `symbols' in version `bold'
(Font)                  OMS/cmsy/b/n --> OMS/lmsy/b/n on input line 28.
LaTeX Font Info:    Overwriting symbol font `largesymbols' in version `bold'
(Font)                  OMX/cmex/m/n --> OMX/lmex/m/n on input line 29.
LaTeX Font Info:    Overwriting math alphabet `\mathbf' in version `normal'
(Font)                  OT1/cmr/bx/n --> OT1/lmr/bx/n on input line 31.
LaTeX Font Info:    Overwriting math alphabet `\mathsf' in version `normal'
(Font)                  OT1/cmss/m/n --> OT1/lmss/m/n on input line 32.
LaTeX Font Info:    Overwriting math alphabet `\mathit' in version `normal'
(Font)                  OT1/cmr/m/it --> OT1/lmr/m/it on input line 33.
LaTeX Font Info:    Overwriting math alphabet `\mathtt' in version `normal'
(Font)                  OT1/cmtt/m/n --> OT1/lmtt/m/n on input line 34.
LaTeX Font Info:    Overwriting math alphabet `\mathbf' in version `bold'
(Font)                  OT1/cmr/bx/n --> OT1/lmr/bx/n on input line 35.
LaTeX Font Info:    Overwriting math alphabet `\mathsf' in version `bold'
(Font)                  OT1/cmss/bx/n --> OT1/lmss/bx/n on input line 36.
LaTeX Font Info:    Overwriting math alphabet `\mathit' in version `bold'
(Font)                  OT1/cmr/bx/it --> OT1/lmr/bx/it on input line 37.
LaTeX Font Info:    Overwriting math alphabet `\mathtt' in version `bold'
(Font)                  OT1/cmtt/m/n --> OT1/lmtt/m/n on input line 38.
)
(C:/Users/Terrabyte/AppData/Local/Programs/MiKTeX/tex/latex/romanbar/romanbar.s
ty
Package: romanbar 2012/01/01 v1.0f Roman numbers with bars (HMM)
)
(C:/Users/Terrabyte/AppData/Local/Programs/MiKTeX/tex/latex/siunitx/siunitx.sty
Package: siunitx 2022-01-05 v3.0.39 A comprehensive (SI) units package
\l__siunitx_angle_tmp_dim=\dimen140
\l__siunitx_angle_marker_box=\box49
\l__siunitx_angle_unit_box=\box50
\l__siunitx_compound_count_int=\count184

(C:/Users/Terrabyte/AppData/Local/Programs/MiKTeX/tex/latex/translations/transl
ations.sty
Package: translations 2022/01/04 v1.11 internationalization of LaTeX2e packages
 (CN)

(C:/Users/Terrabyte/AppData/Local/Programs/MiKTeX/tex/latex/etoolbox/etoolbox.s
ty
Package: etoolbox 2020/10/05 v2.5k e-TeX tools for LaTeX (JAW)
\etb@tempcnta=\count185
)
(C:/Users/Terrabyte/AppData/Local/Programs/MiKTeX/tex/generic/pdftexcmds/pdftex
cmds.sty
Package: pdftexcmds 2020-06-27 v0.33 Utility functions of pdfTeX for LuaTeX (HO
)

(C:/Users/Terrabyte/AppData/Local/Programs/MiKTeX/tex/generic/infwarerr/infware
rr.sty
Package: infwarerr 2019/12/03 v1.5 Providing info/warning/error messages (HO)
)
(C:/Users/Terrabyte/AppData/Local/Programs/MiKTeX/tex/generic/iftex/iftex.sty
Package: iftex 2020/03/06 v1.0d TeX engine tests
)
(C:/Users/Terrabyte/AppData/Local/Programs/MiKTeX/tex/generic/ltxcmds/ltxcmds.s
ty
Package: ltxcmds 2020-05-10 v1.25 LaTeX kernel commands for general use (HO)
)
Package pdftexcmds Info: \pdf@primitive is available.
Package pdftexcmds Info: \pdf@ifprimitive is available.
Package pdftexcmds Info: \pdfdraftmode found.
\pdftexcmds@toks=\toks18
))
\l__siunitx_number_exponent_fixed_int=\count186
\l__siunitx_number_min_decimal_int=\count187
\l__siunitx_number_min_integer_int=\count188
\l__siunitx_number_round_precision_int=\count189
\l__siunitx_number_group_minimum_int=\count190

(C:/Users/Terrabyte/AppData/Local/Programs/MiKTeX/tex/latex/amsmath/amstext.sty
Package: amstext 2000/06/29 v2.01 AMS text
(C:/Users/Terrabyte/AppData/Local/Programs/MiKTeX/tex/latex/amsmath/amsgen.sty
File: amsgen.sty 1999/11/30 v2.0 generic functions
\@emptytoks=\toks19
\ex@=\dimen141
))
\l__siunitx_table_tmp_box=\box51
\l__siunitx_table_tmp_dim=\dimen142
\l__siunitx_table_column_width_dim=\dimen143
\l__siunitx_table_integer_box=\box52
\l__siunitx_table_decimal_box=\box53
\l__siunitx_table_before_box=\box54
\l__siunitx_table_after_box=\box55
\l__siunitx_table_before_dim=\dimen144
\l__siunitx_table_carry_dim=\dimen145
\l__siunitx_unit_tmp_int=\count191
\l__siunitx_unit_position_int=\count192
\l__siunitx_unit_total_int=\count193

(C:/Users/Terrabyte/AppData/Local/Programs/MiKTeX/tex/latex/l3packages/l3keys2e
/l3keys2e.sty
(C:/Users/Terrabyte/AppData/Local/Programs/MiKTeX/tex/latex/l3kernel/expl3.sty
Package: expl3 2021-01-09 L3 programming layer (loader) 

(C:/Users/Terrabyte/AppData/Local/Programs/MiKTeX/tex/latex/l3backend/l3backend
-luatex.def
File: l3backend-luatex.def 2021-01-09 L3 backend support: PDF output (LuaTeX)
\l__kernel_color_stack_int=\count194
\l__pdf_internal_box=\box56
))
Package: l3keys2e 2020-10-27 LaTeX2e option processing using LaTeX3 keys
)

LaTeX3 Info: Defining command \DeclareSIPower with sig. '+m+mm' on line 7358.


LaTeX3 Info: Defining command \DeclareSIPrefix with sig. '+mmm' on line 7362.


LaTeX3 Info: Defining command \DeclareSIQualifier with sig. '+mm' on line
(LaTeX3)     7366.


LaTeX3 Info: Defining command \DeclareSIUnit with sig. 'o+mm' on line 7372.


LaTeX3 Info: Defining command \qty with sig. 'O{}m>{\TrimSpaces }m' on line
(LaTeX3)     7392.


LaTeX3 Info: Defining command \ang with sig. 'O{}>{\SplitArgument {2}{;}}m' on
(LaTeX3)     line 7400.


LaTeX3 Info: Defining command \num with sig. 'O{}m' on line 7409.


LaTeX3 Info: Defining command \unit with sig. 'O{}>{\TrimSpaces }m' on line
(LaTeX3)     7430.


LaTeX3 Info: Defining command \qtylist with sig. 'O{}>{\SplitList
(LaTeX3)     {;}}m>{\TrimSpaces }m' on line 7440.


LaTeX3 Info: Defining command \numlist with sig. 'O{}>{\SplitList {;}}m' on
(LaTeX3)     line 7448.


LaTeX3 Info: Defining command \qtyproduct with sig. 'O{}>{\SplitList
(LaTeX3)     {x}}m>{\TrimSpaces }m' on line 7458.


LaTeX3 Info: Defining command \numproduct with sig. 'O{}>{\SplitList
(LaTeX3)     {x}}>{\TrimSpaces }m' on line 7467.


LaTeX3 Info: Defining command \qtyrange with sig. 'O{}mm>{\TrimSpaces }m' on
(LaTeX3)     line 7476.


LaTeX3 Info: Defining command \numrange with sig. 'O{}mm' on line 7484.


LaTeX3 Info: Defining command \complexnum with sig. 'O{}m' on line 7492.


LaTeX3 Info: Defining command \complexqty with sig. 'O{}mm' on line 7501.


LaTeX3 Info: Defining command \tablenum with sig. 'O{}m' on line 7511.


LaTeX3 Info: Defining command \sisetup with sig. 'm' on line 7513.


(C:/Users/Terrabyte/AppData/Local/Programs/MiKTeX/tex/latex/latex-tools/array.s
ty
Package: array 2020/10/01 v2.5c Tabular extension package (FMi)
\col@sep=\dimen146
\ar@mcellbox=\box57
\extrarowheight=\dimen147
\NC@list=\toks20
\extratabsurround=\skip64
\backup@length=\skip65
\ar@cellbox=\box58
)

LaTeX3 Info: Defining command \qty (pdfstring context) with sig. 'omm' on line
(LaTeX3)     7583.


LaTeX3 Info: Defining command \ang (pdfstring context) with sig. 'm' on line
(LaTeX3)     7584.


LaTeX3 Info: Defining command \num (pdfstring context) with sig. 'om' on line
(LaTeX3)     7585.


LaTeX3 Info: Defining command \unit (pdfstring context) with sig. 'om' on line
(LaTeX3)     7586.


LaTeX3 Info: Defining command \numlist (pdfstring context) with sig. 'om' on
(LaTeX3)     line 7593.


LaTeX3 Info: Defining command \qtylist (pdfstring context) with sig. 'omm' on
(LaTeX3)     line 7600.


LaTeX3 Info: Defining command \numproduct (pdfstring context) with sig. 'om'
(LaTeX3)     on line 7601.


LaTeX3 Info: Defining command \qtyproduct (pdfstring context) with sig. 'omm'
(LaTeX3)     on line 7602.


LaTeX3 Info: Defining command \numrange (pdfstring context) with sig. 'omm' on
(LaTeX3)     line 7604.


LaTeX3 Info: Defining command \qtyrange (pdfstring context) with sig. 'ommm'
(LaTeX3)     on line 7606.


LaTeX3 Info: Defining command \si (pdfstring context) with sig. 'om' on line
(LaTeX3)     7607.


LaTeX3 Info: Defining command \SI (pdfstring context) with sig. 'omO{}m' on
(LaTeX3)     line 7608.


LaTeX3 Info: Defining command \SIlist (pdfstring context) with sig. 'omm' on
(LaTeX3)     line 7615.


LaTeX3 Info: Defining command \SIrange (pdfstring context) with sig. 'ommm' on
(LaTeX3)     line 7617.


LaTeX3 Info: Defining command \DeclareBinaryPrefix with sig. '+mmm' on line
(LaTeX3)     7716.


LaTeX3 Info: Defining command \DeclareSIPrePower with sig. '+mm' on line 7721.


LaTeX3 Info: Defining command \DeclareSIPostPower with sig. '+mm' on line
(LaTeX3)     7726.


LaTeX3 Info: Defining command \si with sig. 'O{}m' on line 7735.


LaTeX3 Info: Defining command \SI with sig. 'O{}mom' on line 7749.


LaTeX3 Info: Defining command \SIlist with sig. 'O{}>{\SplitList
(LaTeX3)     {;}}m>{\TrimSpaces }m' on line 7759.


LaTeX3 Info: Defining command \SIrange with sig. 'O{}mm>{\TrimSpaces }m' on
(LaTeX3)     line 7768.


LaTeX3 Info: Defining command \SendSettingsToPgf with sig. '' on line 7955.

)
(C:/Users/Terrabyte/AppData/Local/Programs/MiKTeX/tex/latex/geometry/geometry.s
ty
Package: geometry 2020/01/02 v5.9 Page Geometry

(C:/Users/Terrabyte/AppData/Local/Programs/MiKTeX/tex/generic/iftex/ifvtex.sty
Package: ifvtex 2019/10/25 v1.7 ifvtex legacy package. Use iftex instead.
)
\Gm@cnth=\count195
\Gm@cntv=\count196
\c@Gm@tempcnt=\count197
\Gm@bindingoffset=\dimen148
\Gm@wd@mp=\dimen149
\Gm@odd@mp=\dimen150
\Gm@even@mp=\dimen151
\Gm@layoutwidth=\dimen152
\Gm@layoutheight=\dimen153
\Gm@layouthoffset=\dimen154
\Gm@layoutvoffset=\dimen155
\Gm@dimlist=\toks21

(C:/Users/Terrabyte/AppData/Local/Programs/MiKTeX/tex/latex/geometry/geometry.c
fg))
(C:/Users/Terrabyte/AppData/Local/Programs/MiKTeX/tex/latex/setspace/setspace.s
ty
Package: setspace 2011/12/19 v6.7a set line spacing
)
(C:/Users/Terrabyte/AppData/Local/Programs/MiKTeX/tex/latex/koma-script/screxte
nd.sty

Package scrextend Warning: This package was made to extend other classes but
(scrextend)                KOMA-Script classes by some features of the
(scrextend)                KOMA-Script classes.
(scrextend)                It should never be used with a KOMA-Script class.
(scrextend)                Loading of the package will be aborted.

)
(C:/Users/Terrabyte/AppData/Local/Programs/MiKTeX/tex/latex/amsmath/amsmath.sty
Package: amsmath 2020/09/23 v2.17i AMS math features
\@mathmargin=\skip66
For additional information on amsmath, use the `?' option.
(C:/Users/Terrabyte/AppData/Local/Programs/MiKTeX/tex/latex/amsmath/amsbsy.sty
Package: amsbsy 1999/11/29 v1.2d Bold Symbols
\pmbraise@=\dimen156
) (C:/Users/Terrabyte/AppData/Local/Programs/MiKTeX/tex/latex/amsmath/amsopn.st
y
Package: amsopn 2016/03/08 v2.02 operator names
)
\inf@bad=\count198
LaTeX Info: Redefining \frac on input line 236.
\uproot@=\count199
\leftroot@=\count266
LaTeX Info: Redefining \overline on input line 399.
\classnum@=\count267
\DOTSCASE@=\count268
LaTeX Info: Redefining \ldots on input line 496.
LaTeX Info: Redefining \dots on input line 499.
LaTeX Info: Redefining \cdots on input line 620.
\Mathstrutbox@=\box59
\strutbox@=\box60
\big@size=\dimen157
LaTeX Font Info:    Redeclaring font encoding OML on input line 743.
LaTeX Font Info:    Redeclaring font encoding OMS on input line 744.
\macc@depth=\count269
\c@MaxMatrixCols=\count270
\dotsspace@=\muskip16
\c@parentequation=\count271
\dspbrk@lvl=\count272
\tag@help=\toks22
\row@=\count273
\column@=\count274
\maxfields@=\count275
\andhelp@=\toks23
\eqnshift@=\dimen158
\alignsep@=\dimen159
\tagshift@=\dimen160
\tagwidth@=\dimen161
\totwidth@=\dimen162
\lineht@=\dimen163
\@envbody=\toks24
\multlinegap=\skip67
\multlinetaggap=\skip68
\mathdisplay@stack=\toks25
LaTeX Info: Redefining \[ on input line 2923.
LaTeX Info: Redefining \] on input line 2924.
)
(C:/Users/Terrabyte/AppData/Local/Programs/MiKTeX/tex/latex/amsfonts/amssymb.st
y
Package: amssymb 2013/01/14 v3.01 AMS font symbols

(C:/Users/Terrabyte/AppData/Local/Programs/MiKTeX/tex/latex/amsfonts/amsfonts.s
ty
Package: amsfonts 2013/01/14 v3.01 Basic AMSFonts support
\symAMSa=\mathgroup4
\symAMSb=\mathgroup5
LaTeX Font Info:    Redeclaring math symbol \hbar on input line 98.
LaTeX Font Info:    Overwriting math alphabet `\mathfrak' in version `bold'
(Font)                  U/euf/m/n --> U/euf/b/n on input line 106.
))
(C:/Users/Terrabyte/AppData/Local/Programs/MiKTeX/tex/latex/booktabs/booktabs.s
ty
Package: booktabs 2020/01/12 v1.61803398 Publication quality tables
\heavyrulewidth=\dimen164
\lightrulewidth=\dimen165
\cmidrulewidth=\dimen166
\belowrulesep=\dimen167
\belowbottomsep=\dimen168
\aboverulesep=\dimen169
\abovetopsep=\dimen170
\cmidrulesep=\dimen171
\cmidrulekern=\dimen172
\defaultaddspace=\dimen173
\@cmidla=\count276
\@cmidlb=\count277
\@aboverulesep=\dimen174
\@belowrulesep=\dimen175
\@thisruleclass=\count278
\@lastruleclass=\count279
\@thisrulewidth=\dimen176
)
(C:/Users/Terrabyte/AppData/Local/Programs/MiKTeX/tex/latex/multirow/multirow.s
ty
Package: multirow 2021/03/15 v2.8 Span multiple rows of a table
\multirow@colwidth=\skip69
\multirow@cntb=\count280
\multirow@dima=\skip70
\bigstrutjot=\dimen177
)
(C:/Users/Terrabyte/AppData/Local/Programs/MiKTeX/tex/latex/colortbl/colortbl.s
ty
Package: colortbl 2020/01/04 v1.0e Color table columns (DPC)

(C:/Users/Terrabyte/AppData/Local/Programs/MiKTeX/tex/latex/graphics/color.sty
Package: color 2020/02/24 v1.2b Standard LaTeX Color (DPC)

(C:/Users/Terrabyte/AppData/Local/Programs/MiKTeX/tex/latex/graphics-cfg/color.
cfg
File: color.cfg 2016/01/02 v1.6 sample color configuration
)
Package color Info: Driver file: luatex.def on input line 147.

(C:/Users/Terrabyte/AppData/Local/Programs/MiKTeX/tex/latex/graphics-def/luatex
.def
File: luatex.def 2020/10/05 v1.2a Graphics/color driver for luatex
))
\everycr=\toks26
\minrowclearance=\skip71
)
(C:/Users/Terrabyte/AppData/Local/Programs/MiKTeX/tex/latex/xcolor/xcolor.sty
Package: xcolor 2016/05/11 v2.12 LaTeX color extensions (UK)

(C:/Users/Terrabyte/AppData/Local/Programs/MiKTeX/tex/latex/graphics-cfg/color.
cfg
File: color.cfg 2016/01/02 v1.6 sample color configuration
)
Package xcolor Info: Driver file: luatex.def on input line 225.
LaTeX Info: Redefining \color on input line 709.
Package xcolor Info: Model `cmy' substituted by `cmy0' on input line 1348.
Package xcolor Info: Model `hsb' substituted by `rgb' on input line 1352.
Package xcolor Info: Model `RGB' extended on input line 1364.
Package xcolor Info: Model `HTML' substituted by `rgb' on input line 1366.
Package xcolor Info: Model `Hsb' substituted by `hsb' on input line 1367.
Package xcolor Info: Model `tHsb' substituted by `hsb' on input line 1368.
Package xcolor Info: Model `HSB' substituted by `hsb' on input line 1369.
Package xcolor Info: Model `Gray' substituted by `gray' on input line 1370.
Package xcolor Info: Model `wave' substituted by `hsb' on input line 1371.
)
(C:/Users/Terrabyte/AppData/Local/Programs/MiKTeX/tex/latex/subfigure/subfigure
.sty
Package: subfigure 2002/07/30 v2.1.4 subfigure package
\subfigtopskip=\skip72
\subfigcapskip=\skip73
\subfigcaptopadj=\dimen178
\subfigbottomskip=\skip74
\subfigcapmargin=\dimen179
\subfiglabelskip=\skip75
\c@subfigure=\count281
\c@lofdepth=\count282
\c@subtable=\count283
\c@lotdepth=\count284

****************************************
* Local config file subfigure.cfg used *
****************************************

(C:/Users/Terrabyte/AppData/Local/Programs/MiKTeX/tex/latex/subfigure/subfigure
.cfg)
\subfig@top=\skip76
\subfig@bottom=\skip77
)
(C:/Users/Terrabyte/AppData/Local/Programs/MiKTeX/tex/latex/float/float.sty
Package: float 2001/11/08 v1.3d Float enhancements (AL)
\c@float@type=\count285
\float@exts=\toks27
\float@box=\box61
\@float@everytoks=\toks28
\@floatcapt=\box62
)
(C:/Users/Terrabyte/AppData/Local/Programs/MiKTeX/tex/latex/adjustbox/adjustbox
.sty
Package: adjustbox 2020/08/19 v1.3 Adjusting TeX boxes (trim, clip, ...)

(C:/Users/Terrabyte/AppData/Local/Programs/MiKTeX/tex/latex/xkeyval/xkeyval.sty
Package: xkeyval 2020/11/20 v2.8 package option processing (HA)

(C:/Users/Terrabyte/AppData/Local/Programs/MiKTeX/tex/generic/xkeyval/xkeyval.t
ex
(C:/Users/Terrabyte/AppData/Local/Programs/MiKTeX/tex/generic/xkeyval/xkvutils.
tex
\XKV@toks=\toks29
\XKV@tempa@toks=\toks30
)
\XKV@depth=\count286
File: xkeyval.tex 2014/12/03 v2.7a key=value parser (HA)
))
(C:/Users/Terrabyte/AppData/Local/Programs/MiKTeX/tex/latex/adjustbox/adjcalc.s
ty
Package: adjcalc 2012/05/16 v1.1 Provides advanced setlength with multiple back
-ends (calc, etex, pgfmath)
)
(C:/Users/Terrabyte/AppData/Local/Programs/MiKTeX/tex/latex/adjustbox/trimclip.
sty
Package: trimclip 2020/08/19 v1.2 Trim and clip general TeX material

(C:/Users/Terrabyte/AppData/Local/Programs/MiKTeX/tex/latex/graphics/graphicx.s
ty
Package: graphicx 2020/09/09 v1.2b Enhanced LaTeX Graphics (DPC,SPQR)

(C:/Users/Terrabyte/AppData/Local/Programs/MiKTeX/tex/latex/graphics/graphics.s
ty
Package: graphics 2020/08/30 v1.4c Standard LaTeX Graphics (DPC,SPQR)

(C:/Users/Terrabyte/AppData/Local/Programs/MiKTeX/tex/latex/graphics/trig.sty
Package: trig 2016/01/03 v1.10 sin cos tan (DPC)
)
(C:/Users/Terrabyte/AppData/Local/Programs/MiKTeX/tex/latex/graphics-cfg/graphi
cs.cfg
File: graphics.cfg 2016/06/04 v1.11 sample graphics configuration
)
Package graphics Info: Driver file: luatex.def on input line 105.
)
\Gin@req@height=\dimen180
\Gin@req@width=\dimen181
)
(C:/Users/Terrabyte/AppData/Local/Programs/MiKTeX/tex/latex/collectbox/collectb
ox.sty
Package: collectbox 2012/05/17 v0.4b Collect macro arguments as boxes
\collectedbox=\box63
)
\tc@llx=\dimen182
\tc@lly=\dimen183
\tc@urx=\dimen184
\tc@ury=\dimen185

(C:/Users/Terrabyte/AppData/Local/Programs/MiKTeX/tex/latex/adjustbox/tc-pgf.de
f
File: tc-pgf.def 2019/01/04 v2.2 trimclip fall-back clipping driver using PGF

(C:/Users/Terrabyte/AppData/Local/Programs/MiKTeX/tex/latex/pgf/basiclayer/pgf.
sty
(C:/Users/Terrabyte/AppData/Local/Programs/MiKTeX/tex/latex/pgf/utilities/pgfrc
s.sty
(C:/Users/Terrabyte/AppData/Local/Programs/MiKTeX/tex/generic/pgf/utilities/pgf
util-common.tex
\pgfutil@everybye=\toks31
\pgfutil@tempdima=\dimen186
\pgfutil@tempdimb=\dimen187

(C:/Users/Terrabyte/AppData/Local/Programs/MiKTeX/tex/generic/pgf/utilities/pgf
util-common-lists.tex))
(C:/Users/Terrabyte/AppData/Local/Programs/MiKTeX/tex/generic/pgf/utilities/pgf
util-latex.def
\pgfutil@abb=\box64
)
(C:/Users/Terrabyte/AppData/Local/Programs/MiKTeX/tex/generic/pgf/utilities/pgf
rcs.code.tex
(C:/Users/Terrabyte/AppData/Local/Programs/MiKTeX/tex/generic/pgf/pgf.revision.
tex)
Package: pgfrcs 2020/12/27 v3.1.8b (3.1.8b)
))
Package: pgf 2020/12/27 v3.1.8b (3.1.8b)

(C:/Users/Terrabyte/AppData/Local/Programs/MiKTeX/tex/latex/pgf/basiclayer/pgfc
ore.sty
(C:/Users/Terrabyte/AppData/Local/Programs/MiKTeX/tex/latex/pgf/systemlayer/pgf
sys.sty
(C:/Users/Terrabyte/AppData/Local/Programs/MiKTeX/tex/generic/pgf/systemlayer/p
gfsys.code.tex
Package: pgfsys 2020/12/27 v3.1.8b (3.1.8b)

(C:/Users/Terrabyte/AppData/Local/Programs/MiKTeX/tex/generic/pgf/utilities/pgf
keys.code.tex
\pgfkeys@pathtoks=\toks32
\pgfkeys@temptoks=\toks33

(C:/Users/Terrabyte/AppData/Local/Programs/MiKTeX/tex/generic/pgf/utilities/pgf
keysfiltered.code.tex
\pgfkeys@tmptoks=\toks34
))
\pgf@x=\dimen188
\pgf@y=\dimen189
\pgf@xa=\dimen190
\pgf@ya=\dimen191
\pgf@xb=\dimen192
\pgf@yb=\dimen193
\pgf@xc=\dimen194
\pgf@yc=\dimen195
\pgf@xd=\dimen196
\pgf@yd=\dimen197
\w@pgf@writea=\write3
\r@pgf@reada=\read3
\c@pgf@counta=\count287
\c@pgf@countb=\count288
\c@pgf@countc=\count289
\c@pgf@countd=\count290
\t@pgf@toka=\toks35
\t@pgf@tokb=\toks36
\t@pgf@tokc=\toks37
\pgf@sys@id@count=\count291

(C:/Users/Terrabyte/AppData/Local/Programs/MiKTeX/tex/generic/pgf/systemlayer/p
gf.cfg
File: pgf.cfg 2020/12/27 v3.1.8b (3.1.8b)
)
Driver file for pgf: pgfsys-luatex.def

(C:/Users/Terrabyte/AppData/Local/Programs/MiKTeX/tex/generic/pgf/systemlayer/p
gfsys-luatex.def
File: pgfsys-luatex.def 2020/12/27 v3.1.8b (3.1.8b)

(C:/Users/Terrabyte/AppData/Local/Programs/MiKTeX/tex/generic/pgf/systemlayer/p
gfsys-common-pdf.def
File: pgfsys-common-pdf.def 2020/12/27 v3.1.8b (3.1.8b)
)))
(C:/Users/Terrabyte/AppData/Local/Programs/MiKTeX/tex/generic/pgf/systemlayer/p
gfsyssoftpath.code.tex
File: pgfsyssoftpath.code.tex 2020/12/27 v3.1.8b (3.1.8b)
\pgfsyssoftpath@smallbuffer@items=\count292
\pgfsyssoftpath@bigbuffer@items=\count293
)
(C:/Users/Terrabyte/AppData/Local/Programs/MiKTeX/tex/generic/pgf/systemlayer/p
gfsysprotocol.code.tex
File: pgfsysprotocol.code.tex 2020/12/27 v3.1.8b (3.1.8b)
))
(C:/Users/Terrabyte/AppData/Local/Programs/MiKTeX/tex/generic/pgf/basiclayer/pg
fcore.code.tex
Package: pgfcore 2020/12/27 v3.1.8b (3.1.8b)

(C:/Users/Terrabyte/AppData/Local/Programs/MiKTeX/tex/generic/pgf/math/pgfmath.
code.tex
(C:/Users/Terrabyte/AppData/Local/Programs/MiKTeX/tex/generic/pgf/math/pgfmathc
alc.code.tex
(C:/Users/Terrabyte/AppData/Local/Programs/MiKTeX/tex/generic/pgf/math/pgfmathu
til.code.tex)
(C:/Users/Terrabyte/AppData/Local/Programs/MiKTeX/tex/generic/pgf/math/pgfmathp
arser.code.tex
\pgfmath@dimen=\dimen198
\pgfmath@count=\count294
\pgfmath@box=\box65
\pgfmath@toks=\toks38
\pgfmath@stack@operand=\toks39
\pgfmath@stack@operation=\toks40
)
(C:/Users/Terrabyte/AppData/Local/Programs/MiKTeX/tex/generic/pgf/math/pgfmathf
unctions.code.tex
(C:/Users/Terrabyte/AppData/Local/Programs/MiKTeX/tex/generic/pgf/math/pgfmathf
unctions.basic.code.tex)
(C:/Users/Terrabyte/AppData/Local/Programs/MiKTeX/tex/generic/pgf/math/pgfmathf
unctions.trigonometric.code.tex)
(C:/Users/Terrabyte/AppData/Local/Programs/MiKTeX/tex/generic/pgf/math/pgfmathf
unctions.random.code.tex)
(C:/Users/Terrabyte/AppData/Local/Programs/MiKTeX/tex/generic/pgf/math/pgfmathf
unctions.comparison.code.tex)
(C:/Users/Terrabyte/AppData/Local/Programs/MiKTeX/tex/generic/pgf/math/pgfmathf
unctions.base.code.tex)
(C:/Users/Terrabyte/AppData/Local/Programs/MiKTeX/tex/generic/pgf/math/pgfmathf
unctions.round.code.tex)
(C:/Users/Terrabyte/AppData/Local/Programs/MiKTeX/tex/generic/pgf/math/pgfmathf
unctions.misc.code.tex)
(C:/Users/Terrabyte/AppData/Local/Programs/MiKTeX/tex/generic/pgf/math/pgfmathf
unctions.integerarithmetics.code.tex)))
(C:/Users/Terrabyte/AppData/Local/Programs/MiKTeX/tex/generic/pgf/math/pgfmathf
loat.code.tex
\c@pgfmathroundto@lastzeros=\count295
))
(C:/Users/Terrabyte/AppData/Local/Programs/MiKTeX/tex/generic/pgf/math/pgfint.c
ode.tex)
(C:/Users/Terrabyte/AppData/Local/Programs/MiKTeX/tex/generic/pgf/basiclayer/pg
fcorepoints.code.tex
File: pgfcorepoints.code.tex 2020/12/27 v3.1.8b (3.1.8b)
\pgf@picminx=\dimen199
\pgf@picmaxx=\dimen256
\pgf@picminy=\dimen257
\pgf@picmaxy=\dimen258
\pgf@pathminx=\dimen259
\pgf@pathmaxx=\dimen260
\pgf@pathminy=\dimen261
\pgf@pathmaxy=\dimen262
\pgf@xx=\dimen263
\pgf@xy=\dimen264
\pgf@yx=\dimen265
\pgf@yy=\dimen266
\pgf@zx=\dimen267
\pgf@zy=\dimen268
)
(C:/Users/Terrabyte/AppData/Local/Programs/MiKTeX/tex/generic/pgf/basiclayer/pg
fcorepathconstruct.code.tex
File: pgfcorepathconstruct.code.tex 2020/12/27 v3.1.8b (3.1.8b)
\pgf@path@lastx=\dimen269
\pgf@path@lasty=\dimen270
)
(C:/Users/Terrabyte/AppData/Local/Programs/MiKTeX/tex/generic/pgf/basiclayer/pg
fcorepathusage.code.tex
File: pgfcorepathusage.code.tex 2020/12/27 v3.1.8b (3.1.8b)
\pgf@shorten@end@additional=\dimen271
\pgf@shorten@start@additional=\dimen272
)
(C:/Users/Terrabyte/AppData/Local/Programs/MiKTeX/tex/generic/pgf/basiclayer/pg
fcorescopes.code.tex
File: pgfcorescopes.code.tex 2020/12/27 v3.1.8b (3.1.8b)
\pgfpic=\box66
\pgf@hbox=\box67
\pgf@layerbox@main=\box68
\pgf@picture@serial@count=\count296
)
(C:/Users/Terrabyte/AppData/Local/Programs/MiKTeX/tex/generic/pgf/basiclayer/pg
fcoregraphicstate.code.tex
File: pgfcoregraphicstate.code.tex 2020/12/27 v3.1.8b (3.1.8b)
\pgflinewidth=\dimen273
)
(C:/Users/Terrabyte/AppData/Local/Programs/MiKTeX/tex/generic/pgf/basiclayer/pg
fcoretransformations.code.tex
File: pgfcoretransformations.code.tex 2020/12/27 v3.1.8b (3.1.8b)
\pgf@pt@x=\dimen274
\pgf@pt@y=\dimen275
\pgf@pt@temp=\dimen276
)
(C:/Users/Terrabyte/AppData/Local/Programs/MiKTeX/tex/generic/pgf/basiclayer/pg
fcorequick.code.tex
File: pgfcorequick.code.tex 2020/12/27 v3.1.8b (3.1.8b)
)
(C:/Users/Terrabyte/AppData/Local/Programs/MiKTeX/tex/generic/pgf/basiclayer/pg
fcoreobjects.code.tex
File: pgfcoreobjects.code.tex 2020/12/27 v3.1.8b (3.1.8b)
)
(C:/Users/Terrabyte/AppData/Local/Programs/MiKTeX/tex/generic/pgf/basiclayer/pg
fcorepathprocessing.code.tex
File: pgfcorepathprocessing.code.tex 2020/12/27 v3.1.8b (3.1.8b)
)
(C:/Users/Terrabyte/AppData/Local/Programs/MiKTeX/tex/generic/pgf/basiclayer/pg
fcorearrows.code.tex
File: pgfcorearrows.code.tex 2020/12/27 v3.1.8b (3.1.8b)
\pgfarrowsep=\dimen277
)
(C:/Users/Terrabyte/AppData/Local/Programs/MiKTeX/tex/generic/pgf/basiclayer/pg
fcoreshade.code.tex
File: pgfcoreshade.code.tex 2020/12/27 v3.1.8b (3.1.8b)
\pgf@max=\dimen278
\pgf@sys@shading@range@num=\count297
\pgf@shadingcount=\count298
)
(C:/Users/Terrabyte/AppData/Local/Programs/MiKTeX/tex/generic/pgf/basiclayer/pg
fcoreimage.code.tex
File: pgfcoreimage.code.tex 2020/12/27 v3.1.8b (3.1.8b)

(C:/Users/Terrabyte/AppData/Local/Programs/MiKTeX/tex/generic/pgf/basiclayer/pg
fcoreexternal.code.tex
File: pgfcoreexternal.code.tex 2020/12/27 v3.1.8b (3.1.8b)
\pgfexternal@startupbox=\box69
))
(C:/Users/Terrabyte/AppData/Local/Programs/MiKTeX/tex/generic/pgf/basiclayer/pg
fcorelayers.code.tex
File: pgfcorelayers.code.tex 2020/12/27 v3.1.8b (3.1.8b)
)
(C:/Users/Terrabyte/AppData/Local/Programs/MiKTeX/tex/generic/pgf/basiclayer/pg
fcoretransparency.code.tex
File: pgfcoretransparency.code.tex 2020/12/27 v3.1.8b (3.1.8b)
)
(C:/Users/Terrabyte/AppData/Local/Programs/MiKTeX/tex/generic/pgf/basiclayer/pg
fcorepatterns.code.tex
File: pgfcorepatterns.code.tex 2020/12/27 v3.1.8b (3.1.8b)
)
(C:/Users/Terrabyte/AppData/Local/Programs/MiKTeX/tex/generic/pgf/basiclayer/pg
fcorerdf.code.tex
File: pgfcorerdf.code.tex 2020/12/27 v3.1.8b (3.1.8b)
)))
(C:/Users/Terrabyte/AppData/Local/Programs/MiKTeX/tex/generic/pgf/modules/pgfmo
duleshapes.code.tex
File: pgfmoduleshapes.code.tex 2020/12/27 v3.1.8b (3.1.8b)
\pgfnodeparttextbox=\box70
)
(C:/Users/Terrabyte/AppData/Local/Programs/MiKTeX/tex/generic/pgf/modules/pgfmo
duleplot.code.tex
File: pgfmoduleplot.code.tex 2020/12/27 v3.1.8b (3.1.8b)
)
(C:/Users/Terrabyte/AppData/Local/Programs/MiKTeX/tex/latex/pgf/compatibility/p
gfcomp-version-0-65.sty
Package: pgfcomp-version-0-65 2020/12/27 v3.1.8b (3.1.8b)
\pgf@nodesepstart=\dimen279
\pgf@nodesepend=\dimen280
)
(C:/Users/Terrabyte/AppData/Local/Programs/MiKTeX/tex/latex/pgf/compatibility/p
gfcomp-version-1-18.sty
Package: pgfcomp-version-1-18 2020/12/27 v3.1.8b (3.1.8b)
)))
Package trimclip Info: No clipping driver 'tc-luatex.def' available.
(trimclip)             Using fall-back PGF driver.
)
\adjbox@Width=\dimen281
\adjbox@Height=\dimen282
\adjbox@Depth=\dimen283
\adjbox@Totalheight=\dimen284
\adjbox@pwidth=\dimen285
\adjbox@pheight=\dimen286
\adjbox@pdepth=\dimen287
\adjbox@ptotalheight=\dimen288

(C:/Users/Terrabyte/AppData/Local/Programs/MiKTeX/tex/latex/ifoddpage/ifoddpage
.sty
Package: ifoddpage 2016/04/23 v1.1 Conditionals for odd/even page detection
\c@checkoddpage=\count299
)
(C:/Users/Terrabyte/AppData/Local/Programs/MiKTeX/tex/latex/varwidth/varwidth.s
ty
Package: varwidth 2009/03/30 ver 0.92;  Variable-width minipages
\@vwid@box=\box71
\sift@deathcycles=\count300
\@vwid@loff=\dimen289
\@vwid@roff=\dimen290
))
(C:/Users/Terrabyte/AppData/Local/Programs/MiKTeX/tex/latex/natbib/natbib.sty
Package: natbib 2010/09/13 8.31b (PWD, AO)
\bibhang=\skip78
\bibsep=\skip79
LaTeX Info: Redefining \cite on input line 694.
\c@NAT@ctr=\count301
)
(C:/Users/Terrabyte/AppData/Local/Programs/MiKTeX/tex/latex/csquotes/csquotes.s
ty
Package: csquotes 2021-02-22 v5.2l context-sensitive quotations (JAW)
\csq@reset=\count302
\csq@gtype=\count303
\csq@glevel=\count304
\csq@qlevel=\count305
\csq@maxlvl=\count306
\csq@tshold=\count307
\csq@ltx@everypar=\toks41

(C:/Users/Terrabyte/AppData/Local/Programs/MiKTeX/tex/latex/csquotes/csquotes.d
ef
File: csquotes.def 2021-02-22 v5.2l csquotes generic definitions (JAW)
)
Package csquotes Info: Trying to load configuration file 'csquotes.cfg'...
Package csquotes Info: ... configuration file loaded successfully.

(C:/Users/Terrabyte/AppData/Local/Programs/MiKTeX/tex/latex/csquotes/csquotes.c
fg
File: csquotes.cfg 
)
Package csquotes Info: Redefining alias 'german' -> 'german/quotes'.
)
(C:/Users/Terrabyte/AppData/Local/Programs/MiKTeX/tex/latex/base/makeidx.sty
Package: makeidx 2014/09/29 v1.0m Standard LaTeX package
)
\@indexfile=\write4

\openout4 = Beleg.idx

Writing index file Beleg.idx

(C:/Users/Terrabyte/AppData/Local/Programs/MiKTeX/tex/latex/hyperref/hyperref.s
ty
Package: hyperref 2020-05-15 v7.00e Hypertext links for LaTeX

(C:/Users/Terrabyte/AppData/Local/Programs/MiKTeX/tex/generic/kvsetkeys/kvsetke
ys.sty
Package: kvsetkeys 2019/12/15 v1.18 Key value parser (HO)
)
(C:/Users/Terrabyte/AppData/Local/Programs/MiKTeX/tex/generic/kvdefinekeys/kvde
finekeys.sty
Package: kvdefinekeys 2019-12-19 v1.6 Define keys (HO)
)
(C:/Users/Terrabyte/AppData/Local/Programs/MiKTeX/tex/generic/pdfescape/pdfesca
pe.sty
Package: pdfescape 2019/12/09 v1.15 Implements pdfTeX's escape features (HO)
)
(C:/Users/Terrabyte/AppData/Local/Programs/MiKTeX/tex/latex/hycolor/hycolor.sty
Package: hycolor 2020-01-27 v1.10 Color options for hyperref/bookmark (HO)
)
(C:/Users/Terrabyte/AppData/Local/Programs/MiKTeX/tex/latex/letltxmacro/letltxm
acro.sty
Package: letltxmacro 2019/12/03 v1.6 Let assignment for LaTeX macros (HO)
)
(C:/Users/Terrabyte/AppData/Local/Programs/MiKTeX/tex/latex/auxhook/auxhook.sty
Package: auxhook 2019-12-17 v1.6 Hooks for auxiliary files (HO)
)
(C:/Users/Terrabyte/AppData/Local/Programs/MiKTeX/tex/latex/kvoptions/kvoptions
.sty
Package: kvoptions 2020-10-07 v3.14 Key value format for package options (HO)
)
\@linkdim=\dimen291
\Hy@linkcounter=\count308
\Hy@pagecounter=\count309

(C:/Users/Terrabyte/AppData/Local/Programs/MiKTeX/tex/latex/hyperref/pd1enc.def
File: pd1enc.def 2020-05-15 v7.00e Hyperref: PDFDocEncoding definition (HO)
)
(C:/Users/Terrabyte/AppData/Local/Programs/MiKTeX/tex/generic/intcalc/intcalc.s
ty
Package: intcalc 2019/12/15 v1.3 Expandable calculations with integers (HO)
)
(C:/Users/Terrabyte/AppData/Local/Programs/MiKTeX/tex/generic/etexcmds/etexcmds
.sty
Package: etexcmds 2019/12/15 v1.7 Avoid name clashes with e-TeX commands (HO)
)
\Hy@SavedSpaceFactor=\count310
Package hyperref Info: Hyper figures OFF on input line 4464.
Package hyperref Info: Link nesting OFF on input line 4469.
Package hyperref Info: Hyper index ON on input line 4472.
Package hyperref Info: Plain pages OFF on input line 4479.
Package hyperref Info: Backreferencing OFF on input line 4484.
Package hyperref Info: Implicit mode ON; LaTeX internals redefined.
Package hyperref Info: Bookmarks ON on input line 4717.
\c@Hy@tempcnt=\count311
 (C:/Users/Terrabyte/AppData/Local/Programs/MiKTeX/tex/latex/url/url.sty
\Urlmuskip=\muskip17
Package: url 2013/09/16  ver 3.4  Verb mode for urls, etc.
)
LaTeX Info: Redefining \url on input line 5076.
\XeTeXLinkMargin=\dimen292

(C:/Users/Terrabyte/AppData/Local/Programs/MiKTeX/tex/generic/bitset/bitset.sty
Package: bitset 2019/12/09 v1.3 Handle bit-vector datatype (HO)

(C:/Users/Terrabyte/AppData/Local/Programs/MiKTeX/tex/generic/bigintcalc/bigint
calc.sty
Package: bigintcalc 2019/12/15 v1.5 Expandable calculations on big integers (HO
)
))
\Fld@menulength=\count312
\Field@Width=\dimen293
\Fld@charsize=\dimen294
Package hyperref Info: Hyper figures OFF on input line 6347.
Package hyperref Info: Link nesting OFF on input line 6352.
Package hyperref Info: Hyper index ON on input line 6355.
Package hyperref Info: backreferencing OFF on input line 6362.
Package hyperref Info: Link coloring OFF on input line 6367.
Package hyperref Info: Link coloring with OCG OFF on input line 6372.
Package hyperref Info: PDF/A mode OFF on input line 6377.
LaTeX Info: Redefining \ref on input line 6417.
LaTeX Info: Redefining \pageref on input line 6421.

(C:/Users/Terrabyte/AppData/Local/Programs/MiKTeX/tex/latex/base/atbegshi-ltx.s
ty
Package: atbegshi-ltx 2020/08/17 v1.0a Emulation of the original atbegshi packa
ge
with kernel methods
)
\Hy@abspage=\count313
\c@Item=\count314
\c@Hfootnote=\count315
)
Package hyperref Info: Driver (autodetected): hluatex.

(C:/Users/Terrabyte/AppData/Local/Programs/MiKTeX/tex/latex/hyperref/hluatex.de
f
File: hluatex.def 2020-05-15 v7.00e Hyperref driver for luaTeX

(C:/Users/Terrabyte/AppData/Local/Programs/MiKTeX/tex/latex/hyperref/puenc.def
File: puenc.def 2020-05-15 v7.00e Hyperref: PDF Unicode definition (HO)
)
(C:/Users/Terrabyte/AppData/Local/Programs/MiKTeX/tex/generic/stringenc/stringe
nc.sty
Package: stringenc 2019/11/29 v1.12 Convert strings between diff. encodings (HO
)
)
(C:/Users/Terrabyte/AppData/Local/Programs/MiKTeX/tex/latex/base/atveryend-ltx.
sty
Package: atveryend-ltx 2020/08/19 v1.0a Emulation of the original atvery packag
e
with kernel methods
)
\Fld@listcount=\count316
\c@bookmark@seq@number=\count317

(C:/Users/Terrabyte/AppData/Local/Programs/MiKTeX/tex/latex/rerunfilecheck/reru
nfilecheck.sty
Package: rerunfilecheck 2019/12/05 v1.9 Rerun checks for auxiliary files (HO)

(C:/Users/Terrabyte/AppData/Local/Programs/MiKTeX/tex/generic/uniquecounter/uni
quecounter.sty
Package: uniquecounter 2019/12/15 v1.4 Provide unlimited unique counter (HO)
)
Package uniquecounter Info: New unique counter `rerunfilecheck' on input line 2
86.
)
\Hy@SectionHShift=\skip80
)
Package hyperref Info: Option `colorlinks' set `true' on input line 60.

(C:/Users/Terrabyte/AppData/Local/Programs/MiKTeX/tex/latex/wrapfig/wrapfig.sty
\wrapoverhang=\dimen295
\WF@size=\dimen296
\c@WF@wrappedlines=\count318
\WF@box=\box72
\WF@everypar=\toks42
Package: wrapfig 2003/01/31  v 3.6
)
(C:/Users/Terrabyte/AppData/Local/Programs/MiKTeX/tex/latex/pdfpages/pdfpages.s
ty
Package: pdfpages 2021/01/09 v0.5r Insert pages of external PDF documents (AM)
 (C:/Users/Terrabyte/AppData/Local/Programs/MiKTeX/tex/latex/base/ifthen.sty
Package: ifthen 2014/09/29 v1.1c Standard LaTeX ifthen package (DPC)
)
(C:/Users/Terrabyte/AppData/Local/Programs/MiKTeX/tex/latex/latex-tools/calc.st
y
Package: calc 2017/05/25 v4.3 Infix arithmetic (KKT,FJ)
\calc@Acount=\count319
\calc@Bcount=\count320
\calc@Adimen=\dimen297
\calc@Bdimen=\dimen298
\calc@Askip=\skip81
\calc@Bskip=\skip82
LaTeX Info: Redefining \setlength on input line 80.
LaTeX Info: Redefining \addtolength on input line 81.
\calc@Ccount=\count321
\calc@Cskip=\skip83
)
(C:/Users/Terrabyte/AppData/Local/Programs/MiKTeX/tex/latex/eso-pic/eso-pic.sty
Package: eso-pic 2020/10/14 v3.0a eso-pic (RN)
\ESO@tempdima=\dimen299
\ESO@tempdimb=\dimen300
)
\AM@pagewidth=\dimen301
\AM@pageheight=\dimen302

(C:/Users/Terrabyte/AppData/Local/Programs/MiKTeX/tex/latex/pdfpages/ppluatex.d
ef
File: ppluatex.def 2021/01/09 v0.5r Pdfpages driver for LuaTeX (AM)
)
\pdfpages@includegraphics@status=\count322
\AM@pagebox=\box73
\AM@global@opts=\toks43
\AM@pagecnt=\count323
\AM@toc@title=\toks44
\c@AM@survey=\count324
\AM@templatesizebox=\box74
))
Package csquotes Info: Checking for multilingual support...
Package csquotes Info: ... found 'babel' package.
Package csquotes Info: Adjusting default style.
Package csquotes Info: Redefining alias 'default' -> 'ngerman'.
 (./Beleg.aux (./recommand.aux) (./Titelseite.aux) (./Kurzfassung.aux)
(./Selbststaendigkeitserklaerung.aux) (./Symbolverzeichnis.aux)
(./Abkuerzungsverzeichnis.aux) (./Kapitel1.aux) (./Zusammenfassung.aux)
(./AnhangDoxygen.aux))
\openout1 = Beleg.aux

LaTeX Font Info:    Checking defaults for OML/cmm/m/it on input line 8.
LaTeX Font Info:    ... okay on input line 8.
LaTeX Font Info:    Checking defaults for OMS/cmsy/m/n on input line 8.
LaTeX Font Info:    ... okay on input line 8.
LaTeX Font Info:    Checking defaults for OT1/cmr/m/n on input line 8.
LaTeX Font Info:    ... okay on input line 8.
LaTeX Font Info:    Checking defaults for T1/cmr/m/n on input line 8.
LaTeX Font Info:    ... okay on input line 8.
LaTeX Font Info:    Checking defaults for TS1/cmr/m/n on input line 8.
LaTeX Font Info:    Trying to load font information for TS1+cmr on input line 8
.

(C:/Users/Terrabyte/AppData/Local/Programs/MiKTeX/tex/latex/base/ts1cmr.fd
File: ts1cmr.fd 2019/12/16 v2.5j Standard LaTeX font definitions
)
LaTeX Font Info:    ... okay on input line 8.
LaTeX Font Info:    Checking defaults for TU/lmr/m/n on input line 8.
LaTeX Font Info:    ... okay on input line 8.
LaTeX Font Info:    Checking defaults for OMX/cmex/m/n on input line 8.
LaTeX Font Info:    ... okay on input line 8.
LaTeX Font Info:    Checking defaults for U/cmr/m/n on input line 8.
LaTeX Font Info:    ... okay on input line 8.
LaTeX Font Info:    Checking defaults for PD1/pdf/m/n on input line 8.
LaTeX Font Info:    ... okay on input line 8.
LaTeX Font Info:    Checking defaults for PU/pdf/m/n on input line 8.
LaTeX Font Info:    ... okay on input line 8.

(C:/Users/Terrabyte/AppData/Local/Programs/MiKTeX/tex/latex/translations/dicts/
translations-basic-dictionary-german.trsl
File: translations-basic-dictionary-german.trsl (german translation file `trans
lations-basic-dictionary')
)
*geometry* driver: auto-detecting
*geometry* detected driver: luatex
*geometry* verbose mode - [ preamble ] result:
* driver: luatex
* paper: a4paper
* layout: <same size as paper>
* layoutoffset:(h,v)=(0.0pt,0.0pt)
* modes: includehead includefoot twoside 
* h-part:(L,W,R)=(85.35826pt, 441.01773pt, 71.13188pt)
* v-part:(T,H,B)=(71.13188pt, 702.78308pt, 71.13188pt)
* \paperwidth=597.50787pt
* \paperheight=845.04684pt
* \textwidth=441.01773pt
* \textheight=617.78307pt
* \oddsidemargin=13.08827pt
* \evensidemargin=-1.1381pt
* \topmargin=-1.1381pt
* \headheight=17.0pt
* \headsep=20.40001pt
* \topskip=11.0pt
* \footskip=47.6pt
* \marginparwidth=89.62619pt
* \marginparsep=12.8401pt
* \columnsep=10.0pt
* \skip\footins=10.0pt plus 4.0pt minus 2.0pt
* \hoffset=0.0pt
* \voffset=0.0pt
* \mag=1000
* \@twocolumnfalse
* \@twosidetrue
* \@mparswitchtrue
* \@reversemarginfalse
* (1in=72.27pt=25.4mm, 1cm=28.453pt)


(C:/Users/Terrabyte/AppData/Local/Programs/MiKTeX/tex/context/base/mkii/supp-pd
f.mkii
[Loading MPS to PDF converter (version 2006.09.02).]
\scratchcounter=\count325
\scratchdimen=\dimen303
\scratchbox=\box75
\nofMPsegments=\count326
\nofMParguments=\count327
\everyMPshowfont=\toks45
\MPscratchCnt=\count328
\MPscratchDim=\dimen304
\MPnumerator=\count329
\makeMPintoPDFobject=\count330
\everyMPtoPDFconversion=\toks46
)
(C:/Users/Terrabyte/AppData/Local/Programs/MiKTeX/tex/latex/epstopdf-pkg/epstop
df-base.sty
Package: epstopdf-base 2020-01-24 v2.11 Base part for package epstopdf
Package epstopdf-base Info: Redefining graphics rule for `.eps' on input line 4
85.
)
Package hyperref Info: Link coloring ON on input line 8.

(C:/Users/Terrabyte/AppData/Local/Programs/MiKTeX/tex/latex/hyperref/nameref.st
y
Package: nameref 2019/09/16 v2.46 Cross-referencing by name of section

(C:/Users/Terrabyte/AppData/Local/Programs/MiKTeX/tex/latex/refcount/refcount.s
ty
Package: refcount 2019/12/15 v3.6 Data extraction from label references (HO)
)
(C:/Users/Terrabyte/AppData/Local/Programs/MiKTeX/tex/generic/gettitlestring/ge
ttitlestring.sty
Package: gettitlestring 2019/12/15 v1.6 Cleanup title references (HO)
)
\c@section@level=\count331
)
LaTeX Info: Redefining \ref on input line 8.
LaTeX Info: Redefining \pageref on input line 8.
LaTeX Info: Redefining \nameref on input line 8.
 (./Beleg.out) (./Beleg.out)
\@outlinefile=\write5

\openout5 = Beleg.out
Class scrbook Info: loading recommended package `bookmark'.
(scrbook)           Using `bookmark' together with `hyperref' is recommended,
(scrbook)           because of handling of possible bookmark level gaps.
(scrbook)           You can avoid loading `bookmark' with KOMA-Script option
(scrbook)           `bookmarkpackage=false' before \begin{document} and
(scrbook)           you can avoid this message adding:
(scrbook)             \usepackage{bookmark}
(scrbook)           before \begin{document} on input line 8.

(C:/Users/Terrabyte/AppData/Local/Programs/MiKTeX/tex/latex/bookmark/bookmark.s
ty
Package: bookmark 2020-11-06 v1.29 PDF bookmarks (HO)

(C:/Users/Terrabyte/AppData/Local/Programs/MiKTeX/tex/latex/bookmark/bkm-pdftex
.def
File: bkm-pdftex.def 2020-11-06 v1.29 bookmark driver for pdfTeX (HO)
\BKM@id=\count332
))
(C:/Users/Terrabyte/AppData/Local/Programs/MiKTeX/tex/latex/pdflscape/pdflscape
.sty
Package: pdflscape 2019/12/05 v0.12 Display of landscape pages in PDF (HO)

(C:/Users/Terrabyte/AppData/Local/Programs/MiKTeX/tex/latex/graphics/lscape.sty
Package: lscape 2020/05/28 v3.02 Landscape Pages (DPC)
)
Package pdflscape Info: Auto-detected driver: pdftex on input line 81.
)
\openout2 = recommand.aux
 (./recommand.tex)
\openout2 = Titelseite.aux
 (./Titelseite.tex
<Bilder/LOGO.jpg, id=6, 1192.455pt x 644.4075pt>
File: Bilder/LOGO.jpg Graphic file (type jpg)
<use Bilder/LOGO.jpg>
Package luatex.def Info: Bilder/LOGO.jpg  used on input line 6.
(luatex.def)             Requested size: 176.40439pt x 95.32951pt.
<Bilder/GELB.png, id=7, 99.37125pt x 39.14626pt>
File: Bilder/GELB.png Graphic file (type png)
<use Bilder/GELB.png>
Package luatex.def Info: Bilder/GELB.png  used on input line 13.
(luatex.def)             Requested size: 227.62204pt x 89.67966pt.

Overfull \hbox (1.47746pt too wide) in paragraph at lines 13--14
[][] 
 []

LaTeX Font Info:    Trying to load font information for OT1+lmr on input line 1
4.
(C:/Users/Terrabyte/AppData/Local/Programs/MiKTeX/tex/latex/lm/ot1lmr.fd
File: ot1lmr.fd 2009/10/30 v1.6 Font defs for Latin Modern
)
LaTeX Font Info:    Trying to load font information for OML+lmm on input line 1
4.

(C:/Users/Terrabyte/AppData/Local/Programs/MiKTeX/tex/latex/lm/omllmm.fd
File: omllmm.fd 2009/10/30 v1.6 Font defs for Latin Modern
)
LaTeX Font Info:    Trying to load font information for OMS+lmsy on input line 
14.

(C:/Users/Terrabyte/AppData/Local/Programs/MiKTeX/tex/latex/lm/omslmsy.fd
File: omslmsy.fd 2009/10/30 v1.6 Font defs for Latin Modern
)
LaTeX Font Info:    Trying to load font information for OMX+lmex on input line 
14.

(C:/Users/Terrabyte/AppData/Local/Programs/MiKTeX/tex/latex/lm/omxlmex.fd
File: omxlmex.fd 2009/10/30 v1.6 Font defs for Latin Modern
)
LaTeX Font Info:    External font `lmex10' loaded for size
(Font)              <10.95> on input line 14.
LaTeX Font Info:    External font `lmex10' loaded for size
(Font)              <8> on input line 14.
LaTeX Font Info:    External font `lmex10' loaded for size
(Font)              <6> on input line 14.
LaTeX Font Info:    Trying to load font information for U+msa on input line 14.


(C:/Users/Terrabyte/AppData/Local/Programs/MiKTeX/tex/latex/amsfonts/umsa.fd
File: umsa.fd 2013/01/14 v3.01 AMS symbols A
)
LaTeX Font Info:    Trying to load font information for U+msb on input line 14.


(C:/Users/Terrabyte/AppData/Local/Programs/MiKTeX/tex/latex/amsfonts/umsb.fd
File: umsb.fd 2013/01/14 v3.01 AMS symbols B
)
File: Bilder/GELB.png Graphic file (type png)
<use Bilder/GELB.png>
Package luatex.def Info: Bilder/GELB.png  used on input line 19.
(luatex.def)             Requested size: 227.62204pt x 89.67966pt.

Overfull \hbox (1.47746pt too wide) in paragraph at lines 19--20
[][] 
 []

[1










{C:/Users/Terrabyte/AppData/Local/MiKTeX/pdftex/config/pdftex.map}<./Bilder/LOGO
.jpg><./Bilder/GELB.png>])
\openout2 = Kurzfassung.aux
 (./Kurzfassung.tex
LaTeX Font Info:    Trying to load font information for T1+lmss on input line 2
.

(C:/Users/Terrabyte/AppData/Local/Programs/MiKTeX/tex/latex/lm/t1lmss.fd
File: t1lmss.fd 2009/10/30 v1.6 Font defs for Latin Modern
))
[2



]
\openout2 = Selbststaendigkeitserklaerung.aux
 (./Selbststaendigkeitserklaerung.tex) [3



] (./Beleg.toc)
\tf@toc=\write6

\openout6 = Beleg.toc
 [1




] [2


]
(./Beleg.lof)
\tf@lof=\write7

\openout7 = Beleg.lof
 [3] [4


] (./Beleg.lot)
\tf@lot=\write8

\openout8 = Beleg.lot
 [5]
\openout2 = Symbolverzeichnis.aux
 (./Symbolverzeichnis.tex [6



]) [7]
\openout2 = Abkuerzungsverzeichnis.aux

(./Abkuerzungsverzeichnis.tex [8





]) [9]
\openout2 = Kapitel1.aux
 (./Kapitel1.tex
chapter 1.

Class scrbook Warning: \float@addtolists detected!
(scrbook)              Implementation of \float@addtolist became
(scrbook)              deprecated in KOMA-Script v3.01 2008/11/14 and
(scrbook)              has been replaced by several more flexible
(scrbook)              features of package `tocbasic`.
(scrbook)              Since Version 3.12 support for deprecated
(scrbook)              \float@addtolist interface has been
(scrbook)              restricted to only some of the KOMA-Script
(scrbook)              features and been removed from others.
(scrbook)              Loading of package `scrhack' may help to
(scrbook)              avoid this warning, if you are using a
(scrbook)              a package that still implements the
(scrbook)              deprecated \float@addtolist interface.

<./Bilder/Aufbau.jpg, id=95, 2795.19281pt x 1469.49pt>
File: ./Bilder/Aufbau.jpg Graphic file (type jpg)
<use ./Bilder/Aufbau.jpg>
Package luatex.def Info: ./Bilder/Aufbau.jpg  used on input line 16.
(luatex.def)             Requested size: 441.01773pt x 231.8495pt.
)
warning  (pdf backend): ignoring duplicate destination with the name 'page.1'
[1





<./Bilder/Aufbau.jpg>]
warning  (pdf backend): ignoring duplicate destination with the name 'page.2'
[2]
\openout2 = Zusammenfassung.aux
 (./Zusammenfassung.tex
chapter 2.
)
warning  (pdf backend): ignoring duplicate destination with the name 'page.3'
[3





]
\openout2 = AnhangDoxygen.aux
 (./AnhangDoxygen.tex [4





]
chapter A.
) [5]

LaTeX3 Info: Redefining command \BeforeClosingMainAux with sig. 'm' on line
(LaTeX3)     49.


LaTeX3 Info: Redefining command \BeforeClosingMainAux with sig. 'm' on line
(LaTeX3)     49.


LaTeX3 Info: Redefining command \BeforeClosingMainAux with sig. 'm' on line
(LaTeX3)     49.


LaTeX3 Info: Redefining command \BeforeClosingMainAux with sig. 'm' on line
(LaTeX3)     49.


LaTeX3 Info: Redefining command \BeforeClosingMainAux with sig. 'm' on line
(LaTeX3)     49.

 (./Beleg.aux (./recommand.aux) (./Titelseite.aux) (./Kurzfassung.aux)
(./Selbststaendigkeitserklaerung.aux) (./Symbolverzeichnis.aux)
(./Abkuerzungsverzeichnis.aux) (./Kapitel1.aux) (./Zusammenfassung.aux)
(./AnhangDoxygen.aux))
Package rerunfilecheck Info: File `Beleg.out' has not changed.
(rerunfilecheck)             Checksum: D41D8CD98F00B204E9800998ECF8427E;0.
)

Here is how much of LuaTeX's memory you used:
 30520 strings out of 478821
 100000,1144653 words of node,token memory allocated
 662 words of node memory still in use:
   7 hlist, 2 vlist, 2 rule, 1 dir, 5 glue, 4 kern, 1 glyph, 18 attribute, 72 gl
ue_spec, 11 attribute_list, 4 write nodes
   avail lists: 2:672,3:191,4:148,5:183,6:38,7:2563,8:29,9:186,10:11,11:267
 48584 multiletter control sequences out of 65536+200000
 53 fonts using 4858791 bytes
 115i,10n,110p,10618b,866s stack positions out of 5000i,500n,10000p,200000b,50000s
{C:/Users/Terrabyte/AppData/Local/Programs/MiKTeX/fonts/enc/dvips/lm/lm-ec.enc}{
C:/Users/Terrabyte/AppData/Local/Programs/MiKTeX/fonts/enc/dvips/lm/lm-mathsy.en
c}<C:/Users/Terrabyte/AppData/Local/Programs/MiKTeX/fonts/type1/public/lm/lmbx12
.pfb><C:/Users/Terrabyte/AppData/Local/Programs/MiKTeX/fonts/type1/public/lm/lmc
sc10.pfb><C:/Users/Terrabyte/AppData/Local/Programs/MiKTeX/fonts/type1/public/lm
/lmr10.pfb><C:/Users/Terrabyte/AppData/Local/Programs/MiKTeX/fonts/type1/public/
lm/lmr12.pfb><C:/Users/Terrabyte/AppData/Local/Programs/MiKTeX/fonts/type1/publi
c/lm/lmri12.pfb><C:/Users/Terrabyte/AppData/Local/Programs/MiKTeX/fonts/type1/pu
blic/lm/lmro10.pfb><C:/Users/Terrabyte/AppData/Local/Programs/MiKTeX/fonts/type1
/public/lm/lmssbx10.pfb><C:/Users/Terrabyte/AppData/Local/Programs/MiKTeX/fonts/
type1/public/lm/lmsy10.pfb>
Output written on Beleg.pdf (17 pages, 3391055 bytes).

PDF statistics: 189 PDF objects out of 1000 (max. 8388607)
 34 named destinations out of 1000 (max. 131072)
 112 words of extra memory for PDF output out of 10000 (max. 100000000)

